2004.08.23 11:47 B C:\Juegos\brain\Nether Earth v0.51\models\bullet1.asc <-- mac /Users/santi/PC-Survival/Juegos/brain/Nether Earth v0.51/models bullet1.asc
2004.08.23 11:47 B C:\Juegos\brain\Nether Earth v0.51\models\bullet2.asc <-- mac /Users/santi/PC-Survival/Juegos/brain/Nether Earth v0.51/models bullet2.asc
2004.08.23 11:47 B C:\Juegos\brain\Nether Earth v0.51\models\bullet3.asc <-- mac /Users/santi/PC-Survival/Juegos/brain/Nether Earth v0.51/models bullet3.asc
2004.08.23 11:47 B C:\Juegos\brain\Nether Earth v0.51\models\construction.asc <-- mac /Users/santi/PC-Survival/Juegos/brain/Nether Earth v0.51/models construction.asc
2004.08.23 11:47 B C:\Juegos\brain\Nether Earth v0.51\models\construction1.asc <-- mac /Users/santi/PC-Survival/Juegos/brain/Nether Earth v0.51/models construction1.asc
2004.08.23 11:47 B C:\Juegos\brain\Nether Earth v0.51\models\construction2.asc <-- mac /Users/santi/PC-Survival/Juegos/brain/Nether Earth v0.51/models construction2.asc
2004.08.23 11:47 B C:\Juegos\brain\Nether Earth v0.51\models\construction3.asc <-- mac /Users/santi/PC-Survival/Juegos/brain/Nether Earth v0.51/models construction3.asc
2004.08.23 11:47 B C:\Juegos\brain\Nether Earth v0.51\models\e-antigrav.ase <-- mac /Users/santi/PC-Survival/Juegos/brain/Nether Earth v0.51/models e-antigrav.ase
2004.08.23 11:47 B C:\Juegos\brain\Nether Earth v0.51\models\e-bipod-base.ase <-- mac /Users/santi/PC-Survival/Juegos/brain/Nether Earth v0.51/models e-bipod-base.ase
2004.08.23 11:47 B C:\Juegos\brain\Nether Earth v0.51\models\e-bipod-lleg.ase <-- mac /Users/santi/PC-Survival/Juegos/brain/Nether Earth v0.51/models e-bipod-lleg.ase
2004.08.23 11:47 B C:\Juegos\brain\Nether Earth v0.51\models\e-bipod-rleg.ase <-- mac /Users/santi/PC-Survival/Juegos/brain/Nether Earth v0.51/models e-bipod-rleg.ase
2004.08.23 11:47 B C:\Juegos\brain\Nether Earth v0.51\models\e-bipod.ase <-- mac /Users/santi/PC-Survival/Juegos/brain/Nether Earth v0.51/models e-bipod.ase
2004.08.23 11:47 B C:\Juegos\brain\Nether Earth v0.51\models\e-cannon.ase <-- mac /Users/santi/PC-Survival/Juegos/brain/Nether Earth v0.51/models e-cannon.ase
2004.08.23 11:47 B C:\Juegos\brain\Nether Earth v0.51\models\e-electronics.ase <-- mac /Users/santi/PC-Survival/Juegos/brain/Nether Earth v0.51/models e-electronics.ase
2004.08.23 11:47 B C:\Juegos\brain\Nether Earth v0.51\models\e-missiles.ase <-- mac /Users/santi/PC-Survival/Juegos/brain/Nether Earth v0.51/models e-missiles.ase
2004.08.23 11:47 B C:\Juegos\brain\Nether Earth v0.51\models\e-nuclear.ase <-- mac /Users/santi/PC-Survival/Juegos/brain/Nether Earth v0.51/models e-nuclear.ase
2004.08.23 11:47 B C:\Juegos\brain\Nether Earth v0.51\models\e-phasers.ase <-- mac /Users/santi/PC-Survival/Juegos/brain/Nether Earth v0.51/models e-phasers.ase
2004.08.23 11:47 B C:\Juegos\brain\Nether Earth v0.51\models\e-tracks.ase <-- mac /Users/santi/PC-Survival/Juegos/brain/Nether Earth v0.51/models e-tracks.ase
2004.08.23 11:47 B C:\Juegos\brain\Nether Earth v0.51\models\factory.ase <-- mac /Users/santi/PC-Survival/Juegos/brain/Nether Earth v0.51/models factory.ase
2004.08.23 11:47 B C:\Juegos\brain\Nether Earth v0.51\models\fence.asc <-- mac /Users/santi/PC-Survival/Juegos/brain/Nether Earth v0.51/models fence.asc
2004.08.23 11:47 B C:\Juegos\brain\Nether Earth v0.51\models\flag.asc <-- mac /Users/santi/PC-Survival/Juegos/brain/Nether Earth v0.51/models flag.asc
2004.08.23 11:48 B C:\Juegos\brain\Nether Earth v0.51\models\gameover.ase <-- mac /Users/santi/PC-Survival/Juegos/brain/Nether Earth v0.51/models gameover.ase
2004.08.23 11:48 B C:\Juegos\brain\Nether Earth v0.51\models\go.ase <-- mac /Users/santi/PC-Survival/Juegos/brain/Nether Earth v0.51/models go.ase
2004.08.23 11:48 B C:\Juegos\brain\Nether Earth v0.51\models\grass.ase <-- mac /Users/santi/PC-Survival/Juegos/brain/Nether Earth v0.51/models grass.ase
2004.08.23 11:48 B C:\Juegos\brain\Nether Earth v0.51\models\grass1.ase <-- mac /Users/santi/PC-Survival/Juegos/brain/Nether Earth v0.51/models grass1.ase
2004.08.23 11:48 B C:\Juegos\brain\Nether Earth v0.51\models\grass2.ase <-- mac /Users/santi/PC-Survival/Juegos/brain/Nether Earth v0.51/models grass2.ase
2004.08.23 11:48 B C:\Juegos\brain\Nether Earth v0.51\models\grass3.ase <-- mac /Users/santi/PC-Survival/Juegos/brain/Nether Earth v0.51/models grass3.ase
2004.08.23 11:48 B C:\Juegos\brain\Nether Earth v0.51\models\h-antigrav.ase <-- mac /Users/santi/PC-Survival/Juegos/brain/Nether Earth v0.51/models h-antigrav.ase
2004.08.23 11:48 B C:\Juegos\brain\Nether Earth v0.51\models\h-bipod-base.ase <-- mac /Users/santi/PC-Survival/Juegos/brain/Nether Earth v0.51/models h-bipod-base.ase
2004.08.23 11:48 B C:\Juegos\brain\Nether Earth v0.51\models\h-bipod-lleg.ase <-- mac /Users/santi/PC-Survival/Juegos/brain/Nether Earth v0.51/models h-bipod-lleg.ase
2004.08.23 11:48 B C:\Juegos\brain\Nether Earth v0.51\models\h-bipod-rleg.ase <-- mac /Users/santi/PC-Survival/Juegos/brain/Nether Earth v0.51/models h-bipod-rleg.ase
2004.08.23 11:48 B C:\Juegos\brain\Nether Earth v0.51\models\h-bipod.ase <-- mac /Users/santi/PC-Survival/Juegos/brain/Nether Earth v0.51/models h-bipod.ase
2004.08.23 11:48 B C:\Juegos\brain\Nether Earth v0.51\models\h-cannon.ase <-- mac /Users/santi/PC-Survival/Juegos/brain/Nether Earth v0.51/models h-cannon.ase
2004.08.23 11:48 B C:\Juegos\brain\Nether Earth v0.51\models\h-electronics.ase <-- mac /Users/santi/PC-Survival/Juegos/brain/Nether Earth v0.51/models h-electronics.ase
2004.08.23 11:48 B C:\Juegos\brain\Nether Earth v0.51\models\h-missiles.ase <-- mac /Users/santi/PC-Survival/Juegos/brain/Nether Earth v0.51/models h-missiles.ase
2004.08.23 11:48 B C:\Juegos\brain\Nether Earth v0.51\models\h-nuclear.ase <-- mac /Users/santi/PC-Survival/Juegos/brain/Nether Earth v0.51/models h-nuclear.ase
2004.08.23 11:48 B C:\Juegos\brain\Nether Earth v0.51\models\h-phasers.ase <-- mac /Users/santi/PC-Survival/Juegos/brain/Nether Earth v0.51/models h-phasers.ase
2004.08.23 11:48 B C:\Juegos\brain\Nether Earth v0.51\models\h-tracks.ase <-- mac /Users/santi/PC-Survival/Juegos/brain/Nether Earth v0.51/models h-tracks.ase
2004.08.23 11:48 B C:\Juegos\brain\Nether Earth v0.51\models\heavyrocks.ase <-- mac /Users/santi/PC-Survival/Juegos/brain/Nether Earth v0.51/models heavyrocks.ase
2004.08.23 11:48 B C:\Juegos\brain\Nether Earth v0.51\models\highwall1.ase <-- mac /Users/santi/PC-Survival/Juegos/brain/Nether Earth v0.51/models highwall1.ase
2004.08.23 11:48 B C:\Juegos\brain\Nether Earth v0.51\models\highwall2.ase <-- mac /Users/santi/PC-Survival/Juegos/brain/Nether Earth v0.51/models highwall2.ase
2004.08.23 11:48 B C:\Juegos\brain\Nether Earth v0.51\models\hole1.asc <-- mac /Users/santi/PC-Survival/Juegos/brain/Nether Earth v0.51/models hole1.asc
2004.08.23 11:48 B C:\Juegos\brain\Nether Earth v0.51\models\hole2.asc <-- mac /Users/santi/PC-Survival/Juegos/brain/Nether Earth v0.51/models hole2.asc
2004.08.23 11:48 B C:\Juegos\brain\Nether Earth v0.51\models\hole3.asc <-- mac /Users/santi/PC-Survival/Juegos/brain/Nether Earth v0.51/models hole3.asc
2004.08.23 11:48 B C:\Juegos\brain\Nether Earth v0.51\models\hole4.asc <-- mac /Users/santi/PC-Survival/Juegos/brain/Nether Earth v0.51/models hole4.asc
2004.08.23 11:48 B C:\Juegos\brain\Nether Earth v0.51\models\hole5.asc <-- mac /Users/santi/PC-Survival/Juegos/brain/Nether Earth v0.51/models hole5.asc
2004.08.23 11:48 B C:\Juegos\brain\Nether Earth v0.51\models\hole6.asc <-- mac /Users/santi/PC-Survival/Juegos/brain/Nether Earth v0.51/models hole6.asc
2004.08.23 11:48 B C:\Juegos\brain\Nether Earth v0.51\models\lowwall1.ase <-- mac /Users/santi/PC-Survival/Juegos/brain/Nether Earth v0.51/models lowwall1.ase
2004.08.23 11:48 B C:\Juegos\brain\Nether Earth v0.51\models\lowwall2.ase <-- mac /Users/santi/PC-Survival/Juegos/brain/Nether Earth v0.51/models lowwall2.ase
2004.08.23 11:48 B C:\Juegos\brain\Nether Earth v0.51\models\lowwall3.ase <-- mac /Users/santi/PC-Survival/Juegos/brain/Nether Earth v0.51/models lowwall3.ase
2004.08.23 11:48 B C:\Juegos\brain\Nether Earth v0.51\models\mountains.asc <-- mac /Users/santi/PC-Survival/Juegos/brain/Nether Earth v0.51/models mountains.asc
2004.08.23 11:48 B C:\Juegos\brain\Nether Earth v0.51\models\rocks.ase <-- mac /Users/santi/PC-Survival/Juegos/brain/Nether Earth v0.51/models rocks.ase
2004.08.23 11:48 B C:\Juegos\brain\Nether Earth v0.51\models\rough.ase <-- mac /Users/santi/PC-Survival/Juegos/brain/Nether Earth v0.51/models rough.ase
2004.08.23 11:48 B C:\Juegos\brain\Nether Earth v0.51\models\sand.asc <-- mac /Users/santi/PC-Survival/Juegos/brain/Nether Earth v0.51/models sand.asc
2004.08.23 11:48 B C:\Juegos\brain\Nether Earth v0.51\models\sand1.ase <-- mac /Users/santi/PC-Survival/Juegos/brain/Nether Earth v0.51/models sand1.ase
2004.08.23 11:48 B C:\Juegos\brain\Nether Earth v0.51\models\ship.asc <-- mac /Users/santi/PC-Survival/Juegos/brain/Nether Earth v0.51/models ship.asc
2004.08.23 11:48 B C:\Juegos\brain\Nether Earth v0.51\models\tittle.asc <-- mac /Users/santi/PC-Survival/Juegos/brain/Nether Earth v0.51/models tittle.asc
2004.08.23 11:48 B C:\Juegos\brain\Nether Earth v0.51\models\warbase.ase <-- mac /Users/santi/PC-Survival/Juegos/brain/Nether Earth v0.51/models warbase.ase
2004.08.23 11:48 B C:\Juegos\brain\Nether Earth v0.51\models\youwin.ase <-- mac /Users/santi/PC-Survival/Juegos/brain/Nether Earth v0.51/models youwin.ase
