2004.08.23 11:48 B C:\Juegos\brain\Nether Earth v0.51\textures\black.bmp <-- mac /Users/santi/PC-Survival/Juegos/brain/Nether Earth v0.51/textures black.bmp
2004.08.23 11:48 B C:\Juegos\brain\Nether Earth v0.51\textures\buildingr1.bmp <-- mac /Users/santi/PC-Survival/Juegos/brain/Nether Earth v0.51/textures buildingr1.bmp
2004.08.23 11:48 B C:\Juegos\brain\Nether Earth v0.51\textures\buildingw1.bmp <-- mac /Users/santi/PC-Survival/Juegos/brain/Nether Earth v0.51/textures buildingw1.bmp
2004.08.23 11:48 B C:\Juegos\brain\Nether Earth v0.51\textures\buildingw2.bmp <-- mac /Users/santi/PC-Survival/Juegos/brain/Nether Earth v0.51/textures buildingw2.bmp
2004.08.23 11:48 B C:\Juegos\brain\Nether Earth v0.51\textures\erobot1.bmp <-- mac /Users/santi/PC-Survival/Juegos/brain/Nether Earth v0.51/textures erobot1.bmp
2004.08.23 11:48 B C:\Juegos\brain\Nether Earth v0.51\textures\erobot2.bmp <-- mac /Users/santi/PC-Survival/Juegos/brain/Nether Earth v0.51/textures erobot2.bmp
2004.08.23 11:48 B C:\Juegos\brain\Nether Earth v0.51\textures\grass1.bmp <-- mac /Users/santi/PC-Survival/Juegos/brain/Nether Earth v0.51/textures grass1.bmp
2004.08.23 11:48 B C:\Juegos\brain\Nether Earth v0.51\textures\grass2.bmp <-- mac /Users/santi/PC-Survival/Juegos/brain/Nether Earth v0.51/textures grass2.bmp
2004.08.23 11:48 B C:\Juegos\brain\Nether Earth v0.51\textures\grass3.bmp <-- mac /Users/santi/PC-Survival/Juegos/brain/Nether Earth v0.51/textures grass3.bmp
2004.08.23 11:48 B C:\Juegos\brain\Nether Earth v0.51\textures\heavyrocks.bmp <-- mac /Users/santi/PC-Survival/Juegos/brain/Nether Earth v0.51/textures heavyrocks.bmp
2004.08.23 11:48 B C:\Juegos\brain\Nether Earth v0.51\textures\highwall1r1.bmp <-- mac /Users/santi/PC-Survival/Juegos/brain/Nether Earth v0.51/textures highwall1r1.bmp
2004.08.23 11:48 B C:\Juegos\brain\Nether Earth v0.51\textures\highwall1w1.bmp <-- mac /Users/santi/PC-Survival/Juegos/brain/Nether Earth v0.51/textures highwall1w1.bmp
2004.08.23 11:48 B C:\Juegos\brain\Nether Earth v0.51\textures\highwall1w2.bmp <-- mac /Users/santi/PC-Survival/Juegos/brain/Nether Earth v0.51/textures highwall1w2.bmp
2004.08.23 11:48 B C:\Juegos\brain\Nether Earth v0.51\textures\highwall2r1.bmp <-- mac /Users/santi/PC-Survival/Juegos/brain/Nether Earth v0.51/textures highwall2r1.bmp
2004.08.23 11:48 B C:\Juegos\brain\Nether Earth v0.51\textures\highwall2w1.bmp <-- mac /Users/santi/PC-Survival/Juegos/brain/Nether Earth v0.51/textures highwall2w1.bmp
2004.08.23 11:48 B C:\Juegos\brain\Nether Earth v0.51\textures\highwall2w2.bmp <-- mac /Users/santi/PC-Survival/Juegos/brain/Nether Earth v0.51/textures highwall2w2.bmp
2004.08.23 11:48 B C:\Juegos\brain\Nether Earth v0.51\textures\hrobot1.bmp <-- mac /Users/santi/PC-Survival/Juegos/brain/Nether Earth v0.51/textures hrobot1.bmp
2004.08.23 11:48 B C:\Juegos\brain\Nether Earth v0.51\textures\hrobot2.bmp <-- mac /Users/santi/PC-Survival/Juegos/brain/Nether Earth v0.51/textures hrobot2.bmp
2004.08.23 11:48 B C:\Juegos\brain\Nether Earth v0.51\textures\lowwall1r1.bmp <-- mac /Users/santi/PC-Survival/Juegos/brain/Nether Earth v0.51/textures lowwall1r1.bmp
2004.08.23 11:48 B C:\Juegos\brain\Nether Earth v0.51\textures\lowwall1w1.bmp <-- mac /Users/santi/PC-Survival/Juegos/brain/Nether Earth v0.51/textures lowwall1w1.bmp
2004.08.23 11:48 B C:\Juegos\brain\Nether Earth v0.51\textures\lowwall1w2.bmp <-- mac /Users/santi/PC-Survival/Juegos/brain/Nether Earth v0.51/textures lowwall1w2.bmp
2004.08.23 11:48 B C:\Juegos\brain\Nether Earth v0.51\textures\lowwall2r1.bmp <-- mac /Users/santi/PC-Survival/Juegos/brain/Nether Earth v0.51/textures lowwall2r1.bmp
2004.08.23 11:48 B C:\Juegos\brain\Nether Earth v0.51\textures\lowwall2w1.bmp <-- mac /Users/santi/PC-Survival/Juegos/brain/Nether Earth v0.51/textures lowwall2w1.bmp
2004.08.23 11:48 B C:\Juegos\brain\Nether Earth v0.51\textures\lowwall2w2.bmp <-- mac /Users/santi/PC-Survival/Juegos/brain/Nether Earth v0.51/textures lowwall2w2.bmp
2004.08.23 11:48 B C:\Juegos\brain\Nether Earth v0.51\textures\lowwall3r1.bmp <-- mac /Users/santi/PC-Survival/Juegos/brain/Nether Earth v0.51/textures lowwall3r1.bmp
2004.08.23 11:48 B C:\Juegos\brain\Nether Earth v0.51\textures\lowwall3w1.bmp <-- mac /Users/santi/PC-Survival/Juegos/brain/Nether Earth v0.51/textures lowwall3w1.bmp
2004.08.23 11:48 B C:\Juegos\brain\Nether Earth v0.51\textures\lowwall3w2.bmp <-- mac /Users/santi/PC-Survival/Juegos/brain/Nether Earth v0.51/textures lowwall3w2.bmp
2004.08.23 11:48 B C:\Juegos\brain\Nether Earth v0.51\textures\nuclear.bmp <-- mac /Users/santi/PC-Survival/Juegos/brain/Nether Earth v0.51/textures nuclear.bmp
2004.08.23 11:48 B C:\Juegos\brain\Nether Earth v0.51\textures\rocks.bmp <-- mac /Users/santi/PC-Survival/Juegos/brain/Nether Earth v0.51/textures rocks.bmp
2004.08.23 11:48 B C:\Juegos\brain\Nether Earth v0.51\textures\rough.bmp <-- mac /Users/santi/PC-Survival/Juegos/brain/Nether Earth v0.51/textures rough.bmp
2004.08.23 11:48 B C:\Juegos\brain\Nether Earth v0.51\textures\Thumbs.db <-- mac /Users/santi/PC-Survival/Juegos/brain/Nether Earth v0.51/textures Thumbs.db
2004.08.23 11:48 B C:\Juegos\brain\Nether Earth v0.51\textures\warbaser1.bmp <-- mac /Users/santi/PC-Survival/Juegos/brain/Nether Earth v0.51/textures warbaser1.bmp
2004.08.23 11:48 B C:\Juegos\brain\Nether Earth v0.51\textures\warbasew1.bmp <-- mac /Users/santi/PC-Survival/Juegos/brain/Nether Earth v0.51/textures warbasew1.bmp
2004.08.23 11:48 B C:\Juegos\brain\Nether Earth v0.51\textures\warbasew2.bmp <-- mac /Users/santi/PC-Survival/Juegos/brain/Nether Earth v0.51/textures warbasew2.bmp
2004.08.23 11:48 B C:\Juegos\brain\Nether Earth v0.51\textures\white.bmp <-- mac /Users/santi/PC-Survival/Juegos/brain/Nether Earth v0.51/textures white.bmp
